This file contains any messages produced by compilers while
running configure, to aid debugging if configure makes a mistake.

It was created by GNU TM Runtime Library configure 1.0, which was
generated by GNU Autoconf 2.64.  Invocation command line was

  $ configure 

## --------- ##
## Platform. ##
## --------- ##

hostname = baco
uname -m = x86_64
uname -r = 3.8.0-34-generic
uname -s = Linux
uname -v = #49-Ubuntu SMP Tue Nov 12 18:00:10 UTC 2013

/usr/bin/uname -p = unknown
/bin/uname -X     = unknown

/bin/arch              = unknown
/usr/bin/arch -k       = unknown
/usr/convex/getsysinfo = unknown
/usr/bin/hostinfo      = unknown
/bin/machine           = unknown
/usr/bin/oslevel       = unknown
/bin/universe          = unknown

PATH: /usr/local/sbin
PATH: /usr/local/bin
PATH: /usr/sbin
PATH: /usr/bin
PATH: /sbin
PATH: /bin
PATH: /usr/games
PATH: /usr/local/games
PATH: /home/nmld/programs/apache-maven-3.0.3/bin
PATH: /usr/lib/jvm/jdk1.6.0_38//bin
PATH: /home/nmld/programs/apache-ant-1.8.2/bin
PATH: /home/nmld/programs/apache-tomcat-6.0.35/bin


## ----------- ##
## Core tests. ##
## ----------- ##

configure:2637: checking for --enable-version-specific-runtime-libs
configure:2652: result: no
configure:2660: checking for --enable-generated-files-in-srcdir
configure:2675: result: no
configure:2732: checking build system type
configure:2746: result: x86_64-unknown-linux-gnu
configure:2766: checking host system type
configure:2779: result: x86_64-unknown-linux-gnu
configure:2799: checking target system type
configure:2812: result: x86_64-unknown-linux-gnu
configure:2869: checking for a BSD-compatible install
configure:2937: result: /usr/bin/install -c
configure:2948: checking whether build environment is sane
configure:2998: result: yes
configure:3139: checking for a thread-safe mkdir -p
configure:3178: result: /bin/mkdir -p
configure:3191: checking for gawk
configure:3207: found /usr/bin/gawk
configure:3218: result: gawk
configure:3229: checking whether make sets $(MAKE)
configure:3251: result: yes
configure:3455: checking for gcc
configure:3471: found /usr/bin/gcc
configure:3482: result: gcc
configure:3711: checking for C compiler version
configure:3720: gcc --version >&5
gcc (Ubuntu 4.8.1-2ubuntu1~13.04) 4.8.1
Copyright (C) 2013 Free Software Foundation, Inc.
This is free software; see the source for copying conditions.  There is NO
warranty; not even for MERCHANTABILITY or FITNESS FOR A PARTICULAR PURPOSE.

configure:3731: $? = 0
configure:3720: gcc -v >&5
Using built-in specs.
COLLECT_GCC=gcc
COLLECT_LTO_WRAPPER=/usr/lib/gcc/x86_64-linux-gnu/4.8/lto-wrapper
Target: x86_64-linux-gnu
Configured with: ../src/configure -v --with-pkgversion='Ubuntu 4.8.1-2ubuntu1~13.04' --with-bugurl=file:///usr/share/doc/gcc-4.8/README.Bugs --enable-languages=c,c++,java,go,d,fortran,objc,obj-c++ --prefix=/usr --program-suffix=-4.8 --enable-shared --enable-linker-build-id --libexecdir=/usr/lib --without-included-gettext --enable-threads=posix --with-gxx-include-dir=/usr/include/c++/4.8 --libdir=/usr/lib --enable-nls --with-sysroot=/ --enable-clocale=gnu --enable-libstdcxx-debug --enable-libstdcxx-time=yes --enable-gnu-unique-object --enable-plugin --with-system-zlib --disable-browser-plugin --enable-java-awt=gtk --enable-gtk-cairo --with-java-home=/usr/lib/jvm/java-1.5.0-gcj-4.8-amd64/jre --enable-java-home --with-jvm-root-dir=/usr/lib/jvm/java-1.5.0-gcj-4.8-amd64 --with-jvm-jar-dir=/usr/lib/jvm-exports/java-1.5.0-gcj-4.8-amd64 --with-arch-directory=amd64 --with-ecj-jar=/usr/share/java/eclipse-ecj.jar --enable-objc-gc --enable-multiarch --disable-werror --with-arch-32=i686 --with-abi=m64 --with-multilib-list=m32,m64,mx32 --with-tune=generic --enable-checking=release --build=x86_64-linux-gnu --host=x86_64-linux-gnu --target=x86_64-linux-gnu
Thread model: posix
gcc version 4.8.1 (Ubuntu 4.8.1-2ubuntu1~13.04) 
configure:3731: $? = 0
configure:3720: gcc -V >&5
gcc: error: unrecognized command line option '-V'
gcc: fatal error: no input files
compilation terminated.
configure:3731: $? = 4
configure:3720: gcc -qversion >&5
gcc: error: unrecognized command line option '-qversion'
gcc: fatal error: no input files
compilation terminated.
configure:3731: $? = 4
configure:3751: checking for C compiler default output file name
configure:3773: gcc    conftest.c  >&5
configure:3777: $? = 0
configure:3814: result: a.out
configure:3830: checking whether the C compiler works
configure:3839: ./a.out
configure:3843: $? = 0
configure:3858: result: yes
configure:3865: checking whether we are cross compiling
configure:3867: result: no
configure:3870: checking for suffix of executables
configure:3877: gcc -o conftest    conftest.c  >&5
configure:3881: $? = 0
configure:3903: result: 
configure:3909: checking for suffix of object files
configure:3931: gcc -c   conftest.c >&5
configure:3935: $? = 0
configure:3956: result: o
configure:3960: checking whether we are using the GNU C compiler
configure:3979: gcc -c   conftest.c >&5
configure:3979: $? = 0
configure:3988: result: yes
configure:3997: checking whether gcc accepts -g
configure:4017: gcc -c -g  conftest.c >&5
configure:4017: $? = 0
configure:4058: result: yes
configure:4075: checking for gcc option to accept ISO C89
configure:4139: gcc  -c -g -O2  conftest.c >&5
configure:4139: $? = 0
configure:4152: result: none needed
configure:4183: checking for style of include used by make
configure:4211: result: GNU
configure:4236: checking dependency style of gcc
configure:4346: result: gcc3
configure:4419: checking for g++
configure:4435: found /usr/bin/g++
configure:4446: result: g++
configure:4473: checking for C++ compiler version
configure:4482: g++ --version >&5
g++ (Ubuntu 4.8.1-2ubuntu1~13.04) 4.8.1
Copyright (C) 2013 Free Software Foundation, Inc.
This is free software; see the source for copying conditions.  There is NO
warranty; not even for MERCHANTABILITY or FITNESS FOR A PARTICULAR PURPOSE.

configure:4493: $? = 0
configure:4482: g++ -v >&5
Using built-in specs.
COLLECT_GCC=g++
COLLECT_LTO_WRAPPER=/usr/lib/gcc/x86_64-linux-gnu/4.8/lto-wrapper
Target: x86_64-linux-gnu
Configured with: ../src/configure -v --with-pkgversion='Ubuntu 4.8.1-2ubuntu1~13.04' --with-bugurl=file:///usr/share/doc/gcc-4.8/README.Bugs --enable-languages=c,c++,java,go,d,fortran,objc,obj-c++ --prefix=/usr --program-suffix=-4.8 --enable-shared --enable-linker-build-id --libexecdir=/usr/lib --without-included-gettext --enable-threads=posix --with-gxx-include-dir=/usr/include/c++/4.8 --libdir=/usr/lib --enable-nls --with-sysroot=/ --enable-clocale=gnu --enable-libstdcxx-debug --enable-libstdcxx-time=yes --enable-gnu-unique-object --enable-plugin --with-system-zlib --disable-browser-plugin --enable-java-awt=gtk --enable-gtk-cairo --with-java-home=/usr/lib/jvm/java-1.5.0-gcj-4.8-amd64/jre --enable-java-home --with-jvm-root-dir=/usr/lib/jvm/java-1.5.0-gcj-4.8-amd64 --with-jvm-jar-dir=/usr/lib/jvm-exports/java-1.5.0-gcj-4.8-amd64 --with-arch-directory=amd64 --with-ecj-jar=/usr/share/java/eclipse-ecj.jar --enable-objc-gc --enable-multiarch --disable-werror --with-arch-32=i686 --with-abi=m64 --with-multilib-list=m32,m64,mx32 --with-tune=generic --enable-checking=release --build=x86_64-linux-gnu --host=x86_64-linux-gnu --target=x86_64-linux-gnu
Thread model: posix
gcc version 4.8.1 (Ubuntu 4.8.1-2ubuntu1~13.04) 
configure:4493: $? = 0
configure:4482: g++ -V >&5
g++: error: unrecognized command line option '-V'
g++: fatal error: no input files
compilation terminated.
configure:4493: $? = 4
configure:4482: g++ -qversion >&5
g++: error: unrecognized command line option '-qversion'
g++: fatal error: no input files
compilation terminated.
configure:4493: $? = 4
configure:4497: checking whether we are using the GNU C++ compiler
configure:4516: g++ -c   conftest.cpp >&5
configure:4516: $? = 0
configure:4525: result: yes
configure:4534: checking whether g++ accepts -g
configure:4554: g++ -c -g  conftest.cpp >&5
configure:4554: $? = 0
configure:4595: result: yes
configure:4620: checking dependency style of g++
configure:4730: result: gcc3
configure:4754: checking dependency style of gcc
configure:4862: result: gcc3
configure:4930: checking for ar
configure:4946: found /usr/bin/ar
configure:4957: result: ar
configure:5022: checking for nm
configure:5038: found /usr/bin/nm
configure:5049: result: nm
configure:5114: checking for ranlib
configure:5130: found /usr/bin/ranlib
configure:5141: result: ranlib
configure:5165: checking for perl
configure:5183: found /usr/bin/perl
configure:5196: result: /usr/bin/perl
configure:5204: checking whether make sets $(MAKE)
configure:5226: result: yes
configure:5242: checking for makeinfo
configure:5269: result: ${SHELL} /home/nmld/workspace-c/gcc-4.8.2/missing --run makeinfo
configure:5279: checking for modern makeinfo
configure:5294: result: yes
configure:5360: checking how to print strings
configure:5387: result: printf
configure:5408: checking for a sed that does not truncate output
configure:5472: result: /bin/sed
configure:5490: checking for grep that handles long lines and -e
configure:5548: result: /bin/grep
configure:5553: checking for egrep
configure:5615: result: /bin/grep -E
configure:5620: checking for fgrep
configure:5682: result: /bin/grep -F
configure:5717: checking for ld used by gcc
configure:5784: result: /usr/bin/ld
configure:5791: checking if the linker (/usr/bin/ld) is GNU ld
configure:5806: result: yes
configure:5818: checking for BSD- or MS-compatible name lister (nm)
configure:5867: result: nm
configure:5997: checking the name lister (nm) interface
configure:6004: gcc -c -g -O2  conftest.c >&5
configure:6007: nm "conftest.o"
configure:6010: output
0000000000000000 B some_variable
configure:6017: result: BSD nm
configure:6020: checking whether ln -s works
configure:6024: result: yes
configure:6032: checking the maximum length of command line arguments
configure:6157: result: 1572864
configure:6174: checking whether the shell understands some XSI constructs
configure:6184: result: yes
configure:6188: checking whether the shell understands "+="
configure:6194: result: yes
configure:6229: checking for /usr/bin/ld option to reload object files
configure:6236: result: -r
configure:6305: checking for objdump
configure:6321: found /usr/bin/objdump
configure:6332: result: objdump
configure:6364: checking how to recognize dependent libraries
configure:6565: result: pass_all
configure:6625: checking for ar
configure:6652: result: ar
configure:6730: checking for strip
configure:6746: found /usr/bin/strip
configure:6757: result: strip
configure:6829: checking for ranlib
configure:6856: result: ranlib
configure:6958: checking command to parse nm output from gcc object
configure:7076: gcc -c -g -O2  conftest.c >&5
configure:7079: $? = 0
configure:7083: nm conftest.o \| sed -n -e 's/^.*[ ]\([ABCDGIRSTW][ABCDGIRSTW]*\)[ ][ ]*\([_A-Za-z][_A-Za-z0-9]*\)$/\1 \2 \2/p' \> conftest.nm
configure:7086: $? = 0
configure:7140: gcc -o conftest -g -O2   conftest.c conftstm.o >&5
configure:7143: $? = 0
configure:7181: result: ok
configure:7277: gcc -c -g -O2  conftest.c >&5
configure:7280: $? = 0
configure:8027: checking how to run the C preprocessor
configure:8058: gcc -E  conftest.c
configure:8058: $? = 0
configure:8072: gcc -E  conftest.c
conftest.c:11:28: fatal error: ac_nonexistent.h: No such file or directory
 #include <ac_nonexistent.h>
                            ^
compilation terminated.
configure:8072: $? = 1
configure: failed program was:
| /* confdefs.h */
| #define PACKAGE_NAME "GNU TM Runtime Library"
| #define PACKAGE_TARNAME "libitm"
| #define PACKAGE_VERSION "1.0"
| #define PACKAGE_STRING "GNU TM Runtime Library 1.0"
| #define PACKAGE_BUGREPORT ""
| #define PACKAGE_URL "http://www.gnu.org/software/libitm/"
| #define PACKAGE "libitm"
| #define VERSION "1.0"
| /* end confdefs.h.  */
| #include <ac_nonexistent.h>
configure:8097: result: gcc -E
configure:8117: gcc -E  conftest.c
configure:8117: $? = 0
configure:8131: gcc -E  conftest.c
conftest.c:11:28: fatal error: ac_nonexistent.h: No such file or directory
 #include <ac_nonexistent.h>
                            ^
compilation terminated.
configure:8131: $? = 1
configure: failed program was:
| /* confdefs.h */
| #define PACKAGE_NAME "GNU TM Runtime Library"
| #define PACKAGE_TARNAME "libitm"
| #define PACKAGE_VERSION "1.0"
| #define PACKAGE_STRING "GNU TM Runtime Library 1.0"
| #define PACKAGE_BUGREPORT ""
| #define PACKAGE_URL "http://www.gnu.org/software/libitm/"
| #define PACKAGE "libitm"
| #define VERSION "1.0"
| /* end confdefs.h.  */
| #include <ac_nonexistent.h>
configure:8160: checking for ANSI C header files
configure:8180: gcc -c -g -O2  conftest.c >&5
configure:8180: $? = 0
configure:8253: gcc -o conftest -g -O2   conftest.c  >&5
configure:8253: $? = 0
configure:8253: ./conftest
configure:8253: $? = 0
configure:8264: result: yes
configure:8277: checking for sys/types.h
configure:8277: gcc -c -g -O2  conftest.c >&5
configure:8277: $? = 0
configure:8277: result: yes
configure:8277: checking for sys/stat.h
configure:8277: gcc -c -g -O2  conftest.c >&5
configure:8277: $? = 0
configure:8277: result: yes
configure:8277: checking for stdlib.h
configure:8277: gcc -c -g -O2  conftest.c >&5
configure:8277: $? = 0
configure:8277: result: yes
configure:8277: checking for string.h
configure:8277: gcc -c -g -O2  conftest.c >&5
configure:8277: $? = 0
configure:8277: result: yes
configure:8277: checking for memory.h
configure:8277: gcc -c -g -O2  conftest.c >&5
configure:8277: $? = 0
configure:8277: result: yes
configure:8277: checking for strings.h
configure:8277: gcc -c -g -O2  conftest.c >&5
configure:8277: $? = 0
configure:8277: result: yes
configure:8277: checking for inttypes.h
configure:8277: gcc -c -g -O2  conftest.c >&5
configure:8277: $? = 0
configure:8277: result: yes
configure:8277: checking for stdint.h
configure:8277: gcc -c -g -O2  conftest.c >&5
configure:8277: $? = 0
configure:8277: result: yes
configure:8277: checking for unistd.h
configure:8277: gcc -c -g -O2  conftest.c >&5
configure:8277: $? = 0
configure:8277: result: yes
configure:8292: checking for dlfcn.h
configure:8292: gcc -c -g -O2  conftest.c >&5
configure:8292: $? = 0
configure:8292: result: yes
configure:8480: checking for objdir
configure:8495: result: .libs
configure:8766: checking if gcc supports -fno-rtti -fno-exceptions
configure:8784: gcc -c -g -O2  -fno-rtti -fno-exceptions conftest.c >&5
cc1: warning: command line option '-fno-rtti' is valid for C++/ObjC++ but not for C [enabled by default]
configure:8788: $? = 0
configure:8801: result: no
configure:8821: checking for gcc option to produce PIC
configure:9107: result: -fPIC -DPIC
configure:9119: checking if gcc PIC flag -fPIC -DPIC works
configure:9137: gcc -c -g -O2  -fPIC -DPIC -DPIC conftest.c >&5
configure:9141: $? = 0
configure:9154: result: yes
configure:9178: checking if gcc static flag -static works
configure:9206: result: yes
configure:9221: checking if gcc supports -c -o file.o
configure:9242: gcc -c -g -O2  -o out/conftest2.o conftest.c >&5
configure:9246: $? = 0
configure:9268: result: yes
configure:9276: checking if gcc supports -c -o file.o
configure:9323: result: yes
configure:9356: checking whether the gcc linker (/usr/bin/ld -m elf_x86_64) supports shared libraries
configure:10427: result: yes
configure:10464: checking whether -lc should be explicitly linked in
configure:10472: gcc -c -g -O2  conftest.c >&5
configure:10475: $? = 0
configure:10490: gcc -shared conftest.o  -v -Wl,-soname -Wl,conftest -o conftest 2\>\&1 \| /bin/grep  -lc  \>/dev/null 2\>\&1
configure:10493: $? = 0
configure:10507: result: no
configure:10672: checking dynamic linker characteristics
configure:11123: gcc -o conftest -g -O2   -Wl,-rpath -Wl,/foo conftest.c  >&5
configure:11123: $? = 0
configure:11345: result: GNU/Linux ld.so
configure:11452: checking how to hardcode library paths into programs
configure:11477: result: immediate
configure:12017: checking whether stripping libraries is possible
configure:12022: result: yes
configure:12057: checking if libtool supports shared libraries
configure:12059: result: yes
configure:12062: checking whether to build shared libraries
configure:12083: result: yes
configure:12086: checking whether to build static libraries
configure:12090: result: yes
configure:12113: checking how to run the C++ preprocessor
configure:12140: g++ -E  conftest.cpp
configure:12140: $? = 0
configure:12154: g++ -E  conftest.cpp
conftest.cpp:23:28: fatal error: ac_nonexistent.h: No such file or directory
 #include <ac_nonexistent.h>
                            ^
compilation terminated.
configure:12154: $? = 1
configure: failed program was:
| /* confdefs.h */
| #define PACKAGE_NAME "GNU TM Runtime Library"
| #define PACKAGE_TARNAME "libitm"
| #define PACKAGE_VERSION "1.0"
| #define PACKAGE_STRING "GNU TM Runtime Library 1.0"
| #define PACKAGE_BUGREPORT ""
| #define PACKAGE_URL "http://www.gnu.org/software/libitm/"
| #define PACKAGE "libitm"
| #define VERSION "1.0"
| #define STDC_HEADERS 1
| #define HAVE_SYS_TYPES_H 1
| #define HAVE_SYS_STAT_H 1
| #define HAVE_STDLIB_H 1
| #define HAVE_STRING_H 1
| #define HAVE_MEMORY_H 1
| #define HAVE_STRINGS_H 1
| #define HAVE_INTTYPES_H 1
| #define HAVE_STDINT_H 1
| #define HAVE_UNISTD_H 1
| #define HAVE_DLFCN_H 1
| #define LT_OBJDIR ".libs/"
| /* end confdefs.h.  */
| #include <ac_nonexistent.h>
configure:12179: result: g++ -E
configure:12199: g++ -E  conftest.cpp
configure:12199: $? = 0
configure:12213: g++ -E  conftest.cpp
conftest.cpp:23:28: fatal error: ac_nonexistent.h: No such file or directory
 #include <ac_nonexistent.h>
                            ^
compilation terminated.
configure:12213: $? = 1
configure: failed program was:
| /* confdefs.h */
| #define PACKAGE_NAME "GNU TM Runtime Library"
| #define PACKAGE_TARNAME "libitm"
| #define PACKAGE_VERSION "1.0"
| #define PACKAGE_STRING "GNU TM Runtime Library 1.0"
| #define PACKAGE_BUGREPORT ""
| #define PACKAGE_URL "http://www.gnu.org/software/libitm/"
| #define PACKAGE "libitm"
| #define VERSION "1.0"
| #define STDC_HEADERS 1
| #define HAVE_SYS_TYPES_H 1
| #define HAVE_SYS_STAT_H 1
| #define HAVE_STDLIB_H 1
| #define HAVE_STRING_H 1
| #define HAVE_MEMORY_H 1
| #define HAVE_STRINGS_H 1
| #define HAVE_INTTYPES_H 1
| #define HAVE_STDINT_H 1
| #define HAVE_UNISTD_H 1
| #define HAVE_DLFCN_H 1
| #define LT_OBJDIR ".libs/"
| /* end confdefs.h.  */
| #include <ac_nonexistent.h>
configure:12381: checking for ld used by g++
configure:12448: result: /usr/bin/ld -m elf_x86_64
configure:12455: checking if the linker (/usr/bin/ld -m elf_x86_64) is GNU ld
configure:12470: result: yes
configure:12525: checking whether the g++ linker (/usr/bin/ld -m elf_x86_64) supports shared libraries
configure:13457: result: yes
configure:13485: g++ -c -g -O2  conftest.cpp >&5
configure:13488: $? = 0
configure:13670: checking for g++ option to produce PIC
configure:13993: result: -fPIC -DPIC
configure:14002: checking if g++ PIC flag -fPIC -DPIC works
configure:14020: g++ -c -g -O2  -fPIC -DPIC -DPIC conftest.cpp >&5
configure:14024: $? = 0
configure:14037: result: yes
configure:14058: checking if g++ static flag -static works
configure:14086: result: yes
configure:14098: checking if g++ supports -c -o file.o
configure:14119: g++ -c -g -O2  -o out/conftest2.o conftest.cpp >&5
configure:14123: $? = 0
configure:14145: result: yes
configure:14150: checking if g++ supports -c -o file.o
configure:14197: result: yes
configure:14227: checking whether the g++ linker (/usr/bin/ld -m elf_x86_64) supports shared libraries
configure:14255: result: yes
configure:14398: checking dynamic linker characteristics
configure:15005: result: GNU/Linux ld.so
configure:15058: checking how to hardcode library paths into programs
configure:15083: result: immediate
configure:15145: checking whether to enable maintainer-specific portions of Makefiles
configure:15154: result: no
configure:15173: checking for ANSI C header files
configure:15277: result: yes
configure:15285: checking whether time.h and sys/time.h may both be included
configure:15305: gcc -c -g -O2  conftest.c >&5
configure:15305: $? = 0
configure:15312: result: yes
configure:15320: checking whether string.h and strings.h may both be included
configure:15337: gcc -c -g -O2  conftest.c >&5
configure:15337: $? = 0
configure:15344: result: yes
configure:15355: checking for unistd.h
configure:15355: result: yes
configure:15355: checking semaphore.h usability
configure:15355: gcc -c -g -O2  conftest.c >&5
configure:15355: $? = 0
configure:15355: result: yes
configure:15355: checking semaphore.h presence
configure:15355: gcc -E  conftest.c
configure:15355: $? = 0
configure:15355: result: yes
configure:15355: checking for semaphore.h
configure:15355: result: yes
configure:15355: checking sys/time.h usability
configure:15355: gcc -c -g -O2  conftest.c >&5
configure:15355: $? = 0
configure:15355: result: yes
configure:15355: checking sys/time.h presence
configure:15355: gcc -E  conftest.c
configure:15355: $? = 0
configure:15355: result: yes
configure:15355: checking for sys/time.h
configure:15355: result: yes
configure:15355: checking sys/auxv.h usability
configure:15355: gcc -c -g -O2  conftest.c >&5
configure:15355: $? = 0
configure:15355: result: yes
configure:15355: checking sys/auxv.h presence
configure:15355: gcc -E  conftest.c
configure:15355: $? = 0
configure:15355: result: yes
configure:15355: checking for sys/auxv.h
configure:15355: result: yes
configure:15355: checking malloc.h usability
configure:15355: gcc -c -g -O2  conftest.c >&5
configure:15355: $? = 0
configure:15355: result: yes
configure:15355: checking malloc.h presence
configure:15355: gcc -E  conftest.c
configure:15355: $? = 0
configure:15355: result: yes
configure:15355: checking for malloc.h
configure:15355: result: yes
configure:15380: checking for uintmax_t
configure:15380: gcc -c -g -O2  conftest.c >&5
configure:15380: $? = 0
configure:15380: gcc -c -g -O2  conftest.c >&5
conftest.c: In function 'main':
conftest.c:37:24: error: expected expression before ')' token
 if (sizeof ((uintmax_t)))
                        ^
configure:15380: $? = 1
configure: failed program was:
| /* confdefs.h */
| #define PACKAGE_NAME "GNU TM Runtime Library"
| #define PACKAGE_TARNAME "libitm"
| #define PACKAGE_VERSION "1.0"
| #define PACKAGE_STRING "GNU TM Runtime Library 1.0"
| #define PACKAGE_BUGREPORT ""
| #define PACKAGE_URL "http://www.gnu.org/software/libitm/"
| #define PACKAGE "libitm"
| #define VERSION "1.0"
| #define STDC_HEADERS 1
| #define HAVE_SYS_TYPES_H 1
| #define HAVE_SYS_STAT_H 1
| #define HAVE_STDLIB_H 1
| #define HAVE_STRING_H 1
| #define HAVE_MEMORY_H 1
| #define HAVE_STRINGS_H 1
| #define HAVE_INTTYPES_H 1
| #define HAVE_STDINT_H 1
| #define HAVE_UNISTD_H 1
| #define HAVE_DLFCN_H 1
| #define LT_OBJDIR ".libs/"
| #define STDC_HEADERS 1
| #define TIME_WITH_SYS_TIME 1
| #define STRING_WITH_STRINGS 1
| #define HAVE_UNISTD_H 1
| #define HAVE_SEMAPHORE_H 1
| #define HAVE_SYS_TIME_H 1
| #define HAVE_SYS_AUXV_H 1
| #define HAVE_MALLOC_H 1
| /* end confdefs.h.  */
| #include <sys/types.h>
| #include <stdint.h>
| 
| int
| main ()
| {
| if (sizeof ((uintmax_t)))
| 	    return 0;
|   ;
|   return 0;
| }
configure:15380: result: yes
configure:15389: checking for uintptr_t
configure:15389: gcc -c -g -O2  conftest.c >&5
configure:15389: $? = 0
configure:15389: gcc -c -g -O2  conftest.c >&5
conftest.c: In function 'main':
conftest.c:37:24: error: expected expression before ')' token
 if (sizeof ((uintptr_t)))
                        ^
configure:15389: $? = 1
configure: failed program was:
| /* confdefs.h */
| #define PACKAGE_NAME "GNU TM Runtime Library"
| #define PACKAGE_TARNAME "libitm"
| #define PACKAGE_VERSION "1.0"
| #define PACKAGE_STRING "GNU TM Runtime Library 1.0"
| #define PACKAGE_BUGREPORT ""
| #define PACKAGE_URL "http://www.gnu.org/software/libitm/"
| #define PACKAGE "libitm"
| #define VERSION "1.0"
| #define STDC_HEADERS 1
| #define HAVE_SYS_TYPES_H 1
| #define HAVE_SYS_STAT_H 1
| #define HAVE_STDLIB_H 1
| #define HAVE_STRING_H 1
| #define HAVE_MEMORY_H 1
| #define HAVE_STRINGS_H 1
| #define HAVE_INTTYPES_H 1
| #define HAVE_STDINT_H 1
| #define HAVE_UNISTD_H 1
| #define HAVE_DLFCN_H 1
| #define LT_OBJDIR ".libs/"
| #define STDC_HEADERS 1
| #define TIME_WITH_SYS_TIME 1
| #define STRING_WITH_STRINGS 1
| #define HAVE_UNISTD_H 1
| #define HAVE_SEMAPHORE_H 1
| #define HAVE_SYS_TIME_H 1
| #define HAVE_SYS_AUXV_H 1
| #define HAVE_MALLOC_H 1
| /* end confdefs.h.  */
| #include <sys/types.h>
| #include <stdint.h>
| 
| int
| main ()
| {
| if (sizeof ((uintptr_t)))
| 	    return 0;
|   ;
|   return 0;
| }
configure:15389: result: yes
configure:15398: checking for int_least32_t
configure:15398: gcc -c -g -O2  conftest.c >&5
configure:15398: $? = 0
configure:15398: gcc -c -g -O2  conftest.c >&5
conftest.c: In function 'main':
conftest.c:37:28: error: expected expression before ')' token
 if (sizeof ((int_least32_t)))
                            ^
configure:15398: $? = 1
configure: failed program was:
| /* confdefs.h */
| #define PACKAGE_NAME "GNU TM Runtime Library"
| #define PACKAGE_TARNAME "libitm"
| #define PACKAGE_VERSION "1.0"
| #define PACKAGE_STRING "GNU TM Runtime Library 1.0"
| #define PACKAGE_BUGREPORT ""
| #define PACKAGE_URL "http://www.gnu.org/software/libitm/"
| #define PACKAGE "libitm"
| #define VERSION "1.0"
| #define STDC_HEADERS 1
| #define HAVE_SYS_TYPES_H 1
| #define HAVE_SYS_STAT_H 1
| #define HAVE_STDLIB_H 1
| #define HAVE_STRING_H 1
| #define HAVE_MEMORY_H 1
| #define HAVE_STRINGS_H 1
| #define HAVE_INTTYPES_H 1
| #define HAVE_STDINT_H 1
| #define HAVE_UNISTD_H 1
| #define HAVE_DLFCN_H 1
| #define LT_OBJDIR ".libs/"
| #define STDC_HEADERS 1
| #define TIME_WITH_SYS_TIME 1
| #define STRING_WITH_STRINGS 1
| #define HAVE_UNISTD_H 1
| #define HAVE_SEMAPHORE_H 1
| #define HAVE_SYS_TIME_H 1
| #define HAVE_SYS_AUXV_H 1
| #define HAVE_MALLOC_H 1
| /* end confdefs.h.  */
| #include <sys/types.h>
| #include <stdint.h>
| 
| int
| main ()
| {
| if (sizeof ((int_least32_t)))
| 	    return 0;
|   ;
|   return 0;
| }
configure:15398: result: yes
configure:15407: checking for int_fast32_t
configure:15407: gcc -c -g -O2  conftest.c >&5
configure:15407: $? = 0
configure:15407: gcc -c -g -O2  conftest.c >&5
conftest.c: In function 'main':
conftest.c:37:27: error: expected expression before ')' token
 if (sizeof ((int_fast32_t)))
                           ^
configure:15407: $? = 1
configure: failed program was:
| /* confdefs.h */
| #define PACKAGE_NAME "GNU TM Runtime Library"
| #define PACKAGE_TARNAME "libitm"
| #define PACKAGE_VERSION "1.0"
| #define PACKAGE_STRING "GNU TM Runtime Library 1.0"
| #define PACKAGE_BUGREPORT ""
| #define PACKAGE_URL "http://www.gnu.org/software/libitm/"
| #define PACKAGE "libitm"
| #define VERSION "1.0"
| #define STDC_HEADERS 1
| #define HAVE_SYS_TYPES_H 1
| #define HAVE_SYS_STAT_H 1
| #define HAVE_STDLIB_H 1
| #define HAVE_STRING_H 1
| #define HAVE_MEMORY_H 1
| #define HAVE_STRINGS_H 1
| #define HAVE_INTTYPES_H 1
| #define HAVE_STDINT_H 1
| #define HAVE_UNISTD_H 1
| #define HAVE_DLFCN_H 1
| #define LT_OBJDIR ".libs/"
| #define STDC_HEADERS 1
| #define TIME_WITH_SYS_TIME 1
| #define STRING_WITH_STRINGS 1
| #define HAVE_UNISTD_H 1
| #define HAVE_SEMAPHORE_H 1
| #define HAVE_SYS_TIME_H 1
| #define HAVE_SYS_AUXV_H 1
| #define HAVE_MALLOC_H 1
| /* end confdefs.h.  */
| #include <sys/types.h>
| #include <stdint.h>
| 
| int
| main ()
| {
| if (sizeof ((int_fast32_t)))
| 	    return 0;
|   ;
|   return 0;
| }
configure:15407: result: yes
configure:15416: checking for uint64_t
configure:15416: gcc -c -g -O2  conftest.c >&5
configure:15416: $? = 0
configure:15416: gcc -c -g -O2  conftest.c >&5
conftest.c: In function 'main':
conftest.c:37:23: error: expected expression before ')' token
 if (sizeof ((uint64_t)))
                       ^
configure:15416: $? = 1
configure: failed program was:
| /* confdefs.h */
| #define PACKAGE_NAME "GNU TM Runtime Library"
| #define PACKAGE_TARNAME "libitm"
| #define PACKAGE_VERSION "1.0"
| #define PACKAGE_STRING "GNU TM Runtime Library 1.0"
| #define PACKAGE_BUGREPORT ""
| #define PACKAGE_URL "http://www.gnu.org/software/libitm/"
| #define PACKAGE "libitm"
| #define VERSION "1.0"
| #define STDC_HEADERS 1
| #define HAVE_SYS_TYPES_H 1
| #define HAVE_SYS_STAT_H 1
| #define HAVE_STDLIB_H 1
| #define HAVE_STRING_H 1
| #define HAVE_MEMORY_H 1
| #define HAVE_STRINGS_H 1
| #define HAVE_INTTYPES_H 1
| #define HAVE_STDINT_H 1
| #define HAVE_UNISTD_H 1
| #define HAVE_DLFCN_H 1
| #define LT_OBJDIR ".libs/"
| #define STDC_HEADERS 1
| #define TIME_WITH_SYS_TIME 1
| #define STRING_WITH_STRINGS 1
| #define HAVE_UNISTD_H 1
| #define HAVE_SEMAPHORE_H 1
| #define HAVE_SYS_TIME_H 1
| #define HAVE_SYS_AUXV_H 1
| #define HAVE_MALLOC_H 1
| /* end confdefs.h.  */
| #include <sys/types.h>
| #include <stdint.h>
| 
| int
| main ()
| {
| if (sizeof ((uint64_t)))
| 	    return 0;
|   ;
|   return 0;
| }
configure:15416: result: yes
configure:15497: checking what to include in gstdint.h
configure:15525: result: stdint.h (already complete)
configure:15775: checking sys/mman.h usability
configure:15775: gcc -c -g -O2  conftest.c >&5
configure:15775: $? = 0
configure:15775: result: yes
configure:15775: checking sys/mman.h presence
configure:15775: gcc -E  conftest.c
configure:15775: $? = 0
configure:15775: result: yes
configure:15775: checking for sys/mman.h
configure:15775: result: yes
configure:15783: checking for mmap
configure:15783: gcc -o conftest -g -O2   conftest.c  >&5
configure:15783: $? = 0
configure:15783: result: yes
configure:15796: checking whether read-only mmap of a plain file works
configure:15813: result: yes
configure:15815: checking whether mmap from /dev/zero works
configure:15837: result: yes
configure:15841: checking for MAP_ANON(YMOUS)
configure:15864: gcc -c -g -O2  conftest.c >&5
configure:15864: $? = 0
configure:15871: result: yes
configure:15877: checking whether mmap with MAP_ANON(YMOUS) works
configure:15894: result: yes
configure:15916: checking whether byte ordering is bigendian
configure:15931: gcc -c -g -O2  conftest.c >&5
conftest.c:35:9: error: unknown type name 'not'
         not a universal capable compiler
         ^
conftest.c:35:15: error: expected '=', ',', ';', 'asm' or '__attribute__' before 'universal'
         not a universal capable compiler
               ^
conftest.c:35:15: error: unknown type name 'universal'
configure:15931: $? = 1
configure: failed program was:
| /* confdefs.h */
| #define PACKAGE_NAME "GNU TM Runtime Library"
| #define PACKAGE_TARNAME "libitm"
| #define PACKAGE_VERSION "1.0"
| #define PACKAGE_STRING "GNU TM Runtime Library 1.0"
| #define PACKAGE_BUGREPORT ""
| #define PACKAGE_URL "http://www.gnu.org/software/libitm/"
| #define PACKAGE "libitm"
| #define VERSION "1.0"
| #define STDC_HEADERS 1
| #define HAVE_SYS_TYPES_H 1
| #define HAVE_SYS_STAT_H 1
| #define HAVE_STDLIB_H 1
| #define HAVE_STRING_H 1
| #define HAVE_MEMORY_H 1
| #define HAVE_STRINGS_H 1
| #define HAVE_INTTYPES_H 1
| #define HAVE_STDINT_H 1
| #define HAVE_UNISTD_H 1
| #define HAVE_DLFCN_H 1
| #define LT_OBJDIR ".libs/"
| #define STDC_HEADERS 1
| #define TIME_WITH_SYS_TIME 1
| #define STRING_WITH_STRINGS 1
| #define HAVE_UNISTD_H 1
| #define HAVE_SEMAPHORE_H 1
| #define HAVE_SYS_TIME_H 1
| #define HAVE_SYS_AUXV_H 1
| #define HAVE_MALLOC_H 1
| #define HAVE_MMAP_FILE 1
| #define HAVE_MMAP_DEV_ZERO 1
| #define HAVE_MMAP_ANON 1
| /* end confdefs.h.  */
| #ifndef __APPLE_CC__
| 	       not a universal capable compiler
| 	     #endif
| 	     typedef int dummy;
| 
configure:15976: gcc -c -g -O2  conftest.c >&5
configure:15976: $? = 0
configure:15994: gcc -c -g -O2  conftest.c >&5
conftest.c: In function 'main':
conftest.c:41:4: error: unknown type name 'not'
    not big endian
    ^
conftest.c:41:12: error: expected '=', ',', ';', 'asm' or '__attribute__' before 'endian'
    not big endian
            ^
configure:15994: $? = 1
configure: failed program was:
| /* confdefs.h */
| #define PACKAGE_NAME "GNU TM Runtime Library"
| #define PACKAGE_TARNAME "libitm"
| #define PACKAGE_VERSION "1.0"
| #define PACKAGE_STRING "GNU TM Runtime Library 1.0"
| #define PACKAGE_BUGREPORT ""
| #define PACKAGE_URL "http://www.gnu.org/software/libitm/"
| #define PACKAGE "libitm"
| #define VERSION "1.0"
| #define STDC_HEADERS 1
| #define HAVE_SYS_TYPES_H 1
| #define HAVE_SYS_STAT_H 1
| #define HAVE_STDLIB_H 1
| #define HAVE_STRING_H 1
| #define HAVE_MEMORY_H 1
| #define HAVE_STRINGS_H 1
| #define HAVE_INTTYPES_H 1
| #define HAVE_STDINT_H 1
| #define HAVE_UNISTD_H 1
| #define HAVE_DLFCN_H 1
| #define LT_OBJDIR ".libs/"
| #define STDC_HEADERS 1
| #define TIME_WITH_SYS_TIME 1
| #define STRING_WITH_STRINGS 1
| #define HAVE_UNISTD_H 1
| #define HAVE_SEMAPHORE_H 1
| #define HAVE_SYS_TIME_H 1
| #define HAVE_SYS_AUXV_H 1
| #define HAVE_MALLOC_H 1
| #define HAVE_MMAP_FILE 1
| #define HAVE_MMAP_DEV_ZERO 1
| #define HAVE_MMAP_ANON 1
| /* end confdefs.h.  */
| #include <sys/types.h>
| 		#include <sys/param.h>
| 
| int
| main ()
| {
| #if BYTE_ORDER != BIG_ENDIAN
| 		 not big endian
| 		#endif
| 
|   ;
|   return 0;
| }
configure:16122: result: no
configure:16159: gcc -o conftest -g -O2 -pthread   conftest.c  >&5
configure:16159: $? = 0
configure:16190: checking for strtoull
configure:16190: gcc -o conftest -g -O2 -pthread   conftest.c  >&5
configure:16190: $? = 0
configure:16190: result: yes
configure:16190: checking for memalign
configure:16190: gcc -o conftest -g -O2 -pthread   conftest.c  >&5
configure:16190: $? = 0
configure:16190: result: yes
configure:16190: checking for posix_memalign
configure:16190: gcc -o conftest -g -O2 -pthread   conftest.c  >&5
configure:16190: $? = 0
configure:16190: result: yes
configure:16190: checking for getauxval
configure:16190: gcc -o conftest -g -O2 -pthread   conftest.c  >&5
configure:16190: $? = 0
configure:16190: result: yes
configure:16247: gcc -o conftest -g -O2 -pthread   conftest.c  >&5
configure:16247: $? = 0
configure:16265: gcc -o conftest -g -O2 -pthread   conftest.c -lpthread  >&5
configure:16265: $? = 0
configure:16334: checking whether the target supports thread-local storage
configure:16389: gcc -o conftest -g -O2 -pthread   conftest.c  >&5
configure:16389: $? = 0
configure:16389: ./conftest
configure:16389: $? = 0
configure:16396: gcc -o conftest -g -O2 -pthread  -static  conftest.c  >&5
configure:16396: $? = 0
configure:16407: gcc -o conftest -g -O2 -pthread  -static  conftest.c  >&5
configure:16407: $? = 0
configure:16407: ./conftest
configure:16407: $? = 0
configure:16439: gcc -o conftest  -g -O2 -pthread   conftest.c  >&5
configure:16439: $? = 0
configure:16485: gcc -o conftest  -g -O2 -pthread   conftest.c  >&5
configure:16485: $? = 0
configure:16485: ./conftest
configure:16485: $? = 0
configure:16505: result: yes
configure:16515: checking whether the target supports hidden visibility
configure:16534: gcc -c -g -O2 -pthread -Werror  conftest.c >&5
configure:16534: $? = 0
configure:16542: result: yes
configure:16550: checking whether the target supports dllexport
configure:16569: gcc -c -g -O2 -pthread -Werror  conftest.c >&5
conftest.c:40:1: error: 'dllexport' attribute directive ignored [-Werror=attributes]
 void __attribute__((dllexport)) foo(void) { }
 ^
cc1: all warnings being treated as errors
configure:16569: $? = 1
configure: failed program was:
| /* confdefs.h */
| #define PACKAGE_NAME "GNU TM Runtime Library"
| #define PACKAGE_TARNAME "libitm"
| #define PACKAGE_VERSION "1.0"
| #define PACKAGE_STRING "GNU TM Runtime Library 1.0"
| #define PACKAGE_BUGREPORT ""
| #define PACKAGE_URL "http://www.gnu.org/software/libitm/"
| #define PACKAGE "libitm"
| #define VERSION "1.0"
| #define STDC_HEADERS 1
| #define HAVE_SYS_TYPES_H 1
| #define HAVE_SYS_STAT_H 1
| #define HAVE_STDLIB_H 1
| #define HAVE_STRING_H 1
| #define HAVE_MEMORY_H 1
| #define HAVE_STRINGS_H 1
| #define HAVE_INTTYPES_H 1
| #define HAVE_STDINT_H 1
| #define HAVE_UNISTD_H 1
| #define HAVE_DLFCN_H 1
| #define LT_OBJDIR ".libs/"
| #define STDC_HEADERS 1
| #define TIME_WITH_SYS_TIME 1
| #define STRING_WITH_STRINGS 1
| #define HAVE_UNISTD_H 1
| #define HAVE_SEMAPHORE_H 1
| #define HAVE_SYS_TIME_H 1
| #define HAVE_SYS_AUXV_H 1
| #define HAVE_MALLOC_H 1
| #define HAVE_MMAP_FILE 1
| #define HAVE_MMAP_DEV_ZERO 1
| #define HAVE_MMAP_ANON 1
| #define HAVE_STRTOULL 1
| #define HAVE_MEMALIGN 1
| #define HAVE_POSIX_MEMALIGN 1
| #define HAVE_GETAUXVAL 1
| #define HAVE_TLS 1
| #define HAVE_ATTRIBUTE_VISIBILITY 1
| /* end confdefs.h.  */
| void __attribute__((dllexport)) foo(void) { }
| int
| main ()
| {
| 
|   ;
|   return 0;
| }
configure:16577: result: no
configure:16585: checking whether the target supports symbol aliases
configure:16604: gcc -o conftest -g -O2 -pthread   conftest.c  >&5
configure:16604: $? = 0
configure:16612: result: yes
configure:16633: checking for ld used by gcc
configure:16700: result: /usr/bin/ld
configure:16707: checking if the linker (/usr/bin/ld) is GNU ld
configure:16722: result: yes
configure:16738: checking for ld that supports -Wl,-M,mapfile
configure:16751: gcc -o conftest -g -O2 -pthread   -Wl,-M,./clearcap.map conftest.c  >&5
./clearcap.map: file not recognized: File format not recognized
collect2: error: ld returned 1 exit status
configure:16751: $? = 1
configure: failed program was:
| /* confdefs.h */
| #define PACKAGE_NAME "GNU TM Runtime Library"
| #define PACKAGE_TARNAME "libitm"
| #define PACKAGE_VERSION "1.0"
| #define PACKAGE_STRING "GNU TM Runtime Library 1.0"
| #define PACKAGE_BUGREPORT ""
| #define PACKAGE_URL "http://www.gnu.org/software/libitm/"
| #define PACKAGE "libitm"
| #define VERSION "1.0"
| #define STDC_HEADERS 1
| #define HAVE_SYS_TYPES_H 1
| #define HAVE_SYS_STAT_H 1
| #define HAVE_STDLIB_H 1
| #define HAVE_STRING_H 1
| #define HAVE_MEMORY_H 1
| #define HAVE_STRINGS_H 1
| #define HAVE_INTTYPES_H 1
| #define HAVE_STDINT_H 1
| #define HAVE_UNISTD_H 1
| #define HAVE_DLFCN_H 1
| #define LT_OBJDIR ".libs/"
| #define STDC_HEADERS 1
| #define TIME_WITH_SYS_TIME 1
| #define STRING_WITH_STRINGS 1
| #define HAVE_UNISTD_H 1
| #define HAVE_SEMAPHORE_H 1
| #define HAVE_SYS_TIME_H 1
| #define HAVE_SYS_AUXV_H 1
| #define HAVE_MALLOC_H 1
| #define HAVE_MMAP_FILE 1
| #define HAVE_MMAP_DEV_ZERO 1
| #define HAVE_MMAP_ANON 1
| #define HAVE_STRTOULL 1
| #define HAVE_MEMALIGN 1
| #define HAVE_POSIX_MEMALIGN 1
| #define HAVE_GETAUXVAL 1
| #define HAVE_TLS 1
| #define HAVE_ATTRIBUTE_VISIBILITY 1
| #define HAVE_ATTRIBUTE_ALIAS 1
| /* end confdefs.h.  */
| 
| int
| main ()
| {
| return 0;
|   ;
|   return 0;
| }
configure:16761: result: no
configure:16778: checking whether __AVX__ is declared
configure:16778: gcc -c -g -O2 -pthread  conftest.c >&5
conftest.c: In function 'main':
conftest.c:81:10: error: '__AVX__' undeclared (first use in this function)
   (void) __AVX__;
          ^
conftest.c:81:10: note: each undeclared identifier is reported only once for each function it appears in
configure:16778: $? = 1
configure: failed program was:
| /* confdefs.h */
| #define PACKAGE_NAME "GNU TM Runtime Library"
| #define PACKAGE_TARNAME "libitm"
| #define PACKAGE_VERSION "1.0"
| #define PACKAGE_STRING "GNU TM Runtime Library 1.0"
| #define PACKAGE_BUGREPORT ""
| #define PACKAGE_URL "http://www.gnu.org/software/libitm/"
| #define PACKAGE "libitm"
| #define VERSION "1.0"
| #define STDC_HEADERS 1
| #define HAVE_SYS_TYPES_H 1
| #define HAVE_SYS_STAT_H 1
| #define HAVE_STDLIB_H 1
| #define HAVE_STRING_H 1
| #define HAVE_MEMORY_H 1
| #define HAVE_STRINGS_H 1
| #define HAVE_INTTYPES_H 1
| #define HAVE_STDINT_H 1
| #define HAVE_UNISTD_H 1
| #define HAVE_DLFCN_H 1
| #define LT_OBJDIR ".libs/"
| #define STDC_HEADERS 1
| #define TIME_WITH_SYS_TIME 1
| #define STRING_WITH_STRINGS 1
| #define HAVE_UNISTD_H 1
| #define HAVE_SEMAPHORE_H 1
| #define HAVE_SYS_TIME_H 1
| #define HAVE_SYS_AUXV_H 1
| #define HAVE_MALLOC_H 1
| #define HAVE_MMAP_FILE 1
| #define HAVE_MMAP_DEV_ZERO 1
| #define HAVE_MMAP_ANON 1
| #define HAVE_STRTOULL 1
| #define HAVE_MEMALIGN 1
| #define HAVE_POSIX_MEMALIGN 1
| #define HAVE_GETAUXVAL 1
| #define HAVE_TLS 1
| #define HAVE_ATTRIBUTE_VISIBILITY 1
| #define HAVE_ATTRIBUTE_ALIAS 1
| /* end confdefs.h.  */
| #include <stdio.h>
| #ifdef HAVE_SYS_TYPES_H
| # include <sys/types.h>
| #endif
| #ifdef HAVE_SYS_STAT_H
| # include <sys/stat.h>
| #endif
| #ifdef STDC_HEADERS
| # include <stdlib.h>
| # include <stddef.h>
| #else
| # ifdef HAVE_STDLIB_H
| #  include <stdlib.h>
| # endif
| #endif
| #ifdef HAVE_STRING_H
| # if !defined STDC_HEADERS && defined HAVE_MEMORY_H
| #  include <memory.h>
| # endif
| # include <string.h>
| #endif
| #ifdef HAVE_STRINGS_H
| # include <strings.h>
| #endif
| #ifdef HAVE_INTTYPES_H
| # include <inttypes.h>
| #endif
| #ifdef HAVE_STDINT_H
| # include <stdint.h>
| #endif
| #ifdef HAVE_UNISTD_H
| # include <unistd.h>
| #endif
| int
| main ()
| {
| #ifndef __AVX__
| #ifdef __cplusplus
|   (void) __AVX__;
| #else
|   (void) __AVX__;
| #endif
| #endif
| 
|   ;
|   return 0;
| }
configure:16778: result: no
configure:16945: checking for shared libgcc
configure:16960: gcc -o conftest  -lgcc_s   conftest.c  >&5
configure:16960: $? = 0
configure:16998: result: yes
configure:17077: versioning on shared library symbols is gnu
configure:17087: checking assembler .cfi pseudo-op support
configure:17105: gcc -c -g -O2 -pthread  conftest.c >&5
configure:17105: $? = 0
configure:17113: result: yes
configure:17124: checking how size_t is mangled
configure:17141: gcc -c -g -O2 -pthread  conftest.c >&5
configure:17141: $? = 0
configure:17203: result: m
configure:17226: checking whether the target supports __sync_*_compare_and_swap
configure:17243: gcc -o conftest -g -O2 -pthread  -mrtm   conftest.c  >&5
configure:17243: $? = 0
configure:17251: result: yes
configure:17259: checking whether the target supports 64-bit __sync_*_compare_and_swap
configure:17277: gcc -o conftest -g -O2 -pthread  -mrtm   conftest.c  >&5
configure:17277: $? = 0
configure:17285: result: yes
configure:17295: checking if the assembler supports AVX
configure:17312: gcc -c -g -O2 -pthread  -mrtm  conftest.c >&5
configure:17312: $? = 0
configure:17320: result: yes
configure:17332: checking if the assembler supports RTM
configure:17349: gcc -c -g -O2 -pthread  -mrtm  conftest.c >&5
configure:17349: $? = 0
configure:17357: result: yes
configure:17405: checking whether weak refs work like ELF
configure:17436: gcc -o conftest -g -O2 -pthread  -mrtm   conftest.c  >&5
configure:17436: $? = 0
configure:17436: ./conftest
configure:17436: $? = 0
configure:17446: result: yes
configure:17765: creating ./config.status

## ---------------------- ##
## Running config.status. ##
## ---------------------- ##

This file was extended by GNU TM Runtime Library config.status 1.0, which was
generated by GNU Autoconf 2.64.  Invocation command line was

  CONFIG_FILES    = 
  CONFIG_HEADERS  = 
  CONFIG_LINKS    = 
  CONFIG_COMMANDS = 
  $ ./config.status 

on baco

config.status:: creating Makefile
config.status:: creating testsuite/Makefile
config.status:: creating libitm.spec
config.status:: creating config.h
config.status:: config.h is unchanged
config.status:: executing default-1 commands

## ---------------- ##
## Cache variables. ##
## ---------------- ##

ac_cv_build=x86_64-unknown-linux-gnu
ac_cv_c_bigendian=no
ac_cv_c_compiler_gnu=yes
ac_cv_cxx_compiler_gnu=yes
ac_cv_env_CPPFLAGS_set=
ac_cv_env_CPPFLAGS_value=
ac_cv_env_CPP_set=
ac_cv_env_CPP_value=
ac_cv_env_CXXCPP_set=
ac_cv_env_CXXCPP_value=
ac_cv_env_build_alias_set=
ac_cv_env_build_alias_value=
ac_cv_env_host_alias_set=
ac_cv_env_host_alias_value=
ac_cv_env_target_alias_set=
ac_cv_env_target_alias_value=
ac_cv_func_getauxval=yes
ac_cv_func_memalign=yes
ac_cv_func_mmap=yes
ac_cv_func_posix_memalign=yes
ac_cv_func_strtoull=yes
ac_cv_have_decl___AVX__=no
ac_cv_have_elf_style_weakref=yes
ac_cv_header_dlfcn_h=yes
ac_cv_header_inttypes_h=yes
ac_cv_header_malloc_h=yes
ac_cv_header_memory_h=yes
ac_cv_header_semaphore_h=yes
ac_cv_header_stdc=yes
ac_cv_header_stdint_h=yes
ac_cv_header_stdlib_h=yes
ac_cv_header_string_h=yes
ac_cv_header_strings_h=yes
ac_cv_header_sys_auxv_h=yes
ac_cv_header_sys_mman_h=yes
ac_cv_header_sys_stat_h=yes
ac_cv_header_sys_time_h=yes
ac_cv_header_sys_types_h=yes
ac_cv_header_time=yes
ac_cv_header_unistd_h=yes
ac_cv_host=x86_64-unknown-linux-gnu
ac_cv_objext=o
ac_cv_path_EGREP='/bin/grep -E'
ac_cv_path_FGREP='/bin/grep -F'
ac_cv_path_GREP=/bin/grep
ac_cv_path_PERL=/usr/bin/perl
ac_cv_path_SED=/bin/sed
ac_cv_path_install='/usr/bin/install -c'
ac_cv_path_mkdir=/bin/mkdir
ac_cv_prog_AWK=gawk
ac_cv_prog_CPP='gcc -E'
ac_cv_prog_CXXCPP='g++ -E'
ac_cv_prog_MAKEINFO='${SHELL} /home/nmld/workspace-c/gcc-4.8.2/missing --run makeinfo'
ac_cv_prog_ac_ct_AR=ar
ac_cv_prog_ac_ct_CC=gcc
ac_cv_prog_ac_ct_CXX=g++
ac_cv_prog_ac_ct_NM=nm
ac_cv_prog_ac_ct_OBJDUMP=objdump
ac_cv_prog_ac_ct_RANLIB=ranlib
ac_cv_prog_ac_ct_STRIP=strip
ac_cv_prog_cc_c89=
ac_cv_prog_cc_g=yes
ac_cv_prog_cxx_g=yes
ac_cv_prog_make_make_set=yes
ac_cv_target=x86_64-unknown-linux-gnu
ac_cv_type_int_fast32_t=yes
ac_cv_type_int_least32_t=yes
ac_cv_type_u_int64_t=no
ac_cv_type_uint64_t=yes
ac_cv_type_uintmax_t=yes
ac_cv_type_uintptr_t=yes
acx_cv_header_stdint=stdint.h
acx_cv_header_stdint_kind='(already complete)'
am_cv_CCAS_dependencies_compiler_type=gcc3
am_cv_CC_dependencies_compiler_type=gcc3
am_cv_CXX_dependencies_compiler_type=gcc3
gcc_cv_as_cfi_pseudo_op=yes
gcc_cv_decl_map_anon=yes
gcc_cv_func_mmap_anon=yes
gcc_cv_func_mmap_dev_zero=yes
gcc_cv_func_mmap_file=yes
gcc_cv_have_tls=yes
gcc_cv_header_string=yes
gcc_cv_prog_makeinfo_modern=yes
libitm_cv_as_avx=yes
libitm_cv_as_rtm=yes
libitm_cv_have_64bit_sync_builtins=yes
libitm_cv_have_attribute_alias=yes
libitm_cv_have_attribute_dllexport=no
libitm_cv_have_attribute_visibility=yes
libitm_cv_have_sync_builtins=yes
libitm_cv_size_t_mangling=m
lt_cv_archive_cmds_need_lc=no
lt_cv_deplibs_check_method=pass_all
lt_cv_file_magic_cmd='$MAGIC_CMD'
lt_cv_file_magic_test_file=
lt_cv_ld_reload_flag=-r
lt_cv_nm_interface='BSD nm'
lt_cv_objdir=.libs
lt_cv_path_LD=/usr/bin/ld
lt_cv_path_LDCXX='/usr/bin/ld -m elf_x86_64'
lt_cv_path_NM=nm
lt_cv_prog_compiler_c_o=yes
lt_cv_prog_compiler_c_o_CXX=yes
lt_cv_prog_compiler_pic_works=yes
lt_cv_prog_compiler_pic_works_CXX=yes
lt_cv_prog_compiler_rtti_exceptions=no
lt_cv_prog_compiler_static_works=yes
lt_cv_prog_compiler_static_works_CXX=yes
lt_cv_prog_gnu_ld=yes
lt_cv_prog_gnu_ldcxx=yes
lt_cv_shlibpath_overrides_runpath=no
lt_cv_sys_global_symbol_pipe='sed -n -e '\''s/^.*[	 ]\([ABCDGIRSTW][ABCDGIRSTW]*\)[	 ][	 ]*\([_A-Za-z][_A-Za-z0-9]*\)$/\1 \2 \2/p'\'''
lt_cv_sys_global_symbol_to_c_name_address='sed -n -e '\''s/^: \([^ ]*\) $/  {\"\1\", (void *) 0},/p'\'' -e '\''s/^[ABCDGIRSTW]* \([^ ]*\) \([^ ]*\)$/  {"\2", (void *) \&\2},/p'\'''
lt_cv_sys_global_symbol_to_c_name_address_lib_prefix='sed -n -e '\''s/^: \([^ ]*\) $/  {\"\1\", (void *) 0},/p'\'' -e '\''s/^[ABCDGIRSTW]* \([^ ]*\) \(lib[^ ]*\)$/  {"\2", (void *) \&\2},/p'\'' -e '\''s/^[ABCDGIRSTW]* \([^ ]*\) \([^ ]*\)$/  {"lib\2", (void *) \&\2},/p'\'''
lt_cv_sys_global_symbol_to_cdecl='sed -n -e '\''s/^T .* \(.*\)$/extern int \1();/p'\'' -e '\''s/^[ABCDGIRSTW]* .* \(.*\)$/extern char \1;/p'\'''
lt_cv_sys_max_cmd_len=1572864

## ----------------- ##
## Output variables. ##
## ----------------- ##

ACLOCAL='${SHELL} /home/nmld/workspace-c/gcc-4.8.2/missing --run aclocal-1.11'
AMDEPBACKSLASH='\'
AMDEP_FALSE='#'
AMDEP_TRUE=''
AMTAR='${SHELL} /home/nmld/workspace-c/gcc-4.8.2/missing --run tar'
AR='ar'
ARCH_ARM_FALSE=''
ARCH_ARM_TRUE='#'
ARCH_FUTEX_FALSE='#'
ARCH_FUTEX_TRUE=''
ARCH_X86_AVX_FALSE='#'
ARCH_X86_AVX_TRUE=''
ARCH_X86_FALSE='#'
ARCH_X86_TRUE=''
AUTOCONF='${SHELL} /home/nmld/workspace-c/gcc-4.8.2/missing --run autoconf'
AUTOHEADER='${SHELL} /home/nmld/workspace-c/gcc-4.8.2/missing --run autoheader'
AUTOMAKE='${SHELL} /home/nmld/workspace-c/gcc-4.8.2/missing --run automake-1.11'
AWK='gawk'
BUILD_INFO_FALSE='#'
BUILD_INFO_TRUE=''
CC='gcc'
CCAS='gcc'
CCASDEPMODE='depmode=gcc3'
CCASFLAGS='-g -O2'
CCDEPMODE='depmode=gcc3'
CFLAGS='-g -O2 -pthread'
CPP='gcc -E'
CPPFLAGS=''
CXX='g++'
CXXCPP='g++ -E'
CXXDEPMODE='depmode=gcc3'
CXXFLAGS='-g -O2'
CYGPATH_W='echo'
DEFS='-DHAVE_CONFIG_H'
DEPDIR='.deps'
DSYMUTIL=''
DUMPBIN=''
ECHO_C=''
ECHO_N='-n'
ECHO_T=''
EGREP='/bin/grep -E'
EXEEXT=''
FGREP='/bin/grep -F'
GENINSRC_FALSE=''
GENINSRC_TRUE='#'
GREP='/bin/grep'
HAVE_HWCAP_FALSE=''
HAVE_HWCAP_TRUE='#'
HWCAP_LDFLAGS=''
INSTALL_DATA='${INSTALL} -m 644'
INSTALL_PROGRAM='${INSTALL}'
INSTALL_SCRIPT='${INSTALL}'
INSTALL_STRIP_PROGRAM='$(install_sh) -c -s'
LD='/usr/bin/ld'
LDFLAGS=''
LIBITM_BUILD_VERSIONED_SHLIB_FALSE='#'
LIBITM_BUILD_VERSIONED_SHLIB_GNU_FALSE='#'
LIBITM_BUILD_VERSIONED_SHLIB_GNU_TRUE=''
LIBITM_BUILD_VERSIONED_SHLIB_SUN_FALSE=''
LIBITM_BUILD_VERSIONED_SHLIB_SUN_TRUE='#'
LIBITM_BUILD_VERSIONED_SHLIB_TRUE=''
LIBOBJS=''
LIBS=''
LIBTOOL='$(SHELL) $(top_builddir)/libtool'
LIPO=''
LN_S='ln -s'
LTLIBOBJS=''
MAINT='#'
MAINTAINER_MODE_FALSE=''
MAINTAINER_MODE_TRUE='#'
MAKEINFO='${SHELL} /home/nmld/workspace-c/gcc-4.8.2/missing --run makeinfo'
MKDIR_P='/bin/mkdir -p'
NM='nm'
NMEDIT=''
OBJDUMP='objdump'
OBJEXT='o'
OPT_LDFLAGS='-Wl,-O1 '
OTOOL64=''
OTOOL=''
PACKAGE='libitm'
PACKAGE_BUGREPORT=''
PACKAGE_NAME='GNU TM Runtime Library'
PACKAGE_STRING='GNU TM Runtime Library 1.0'
PACKAGE_TARNAME='libitm'
PACKAGE_URL='http://www.gnu.org/software/libitm/'
PACKAGE_VERSION='1.0'
PATH_SEPARATOR=':'
PERL='/usr/bin/perl'
RANLIB='ranlib'
SECTION_LDFLAGS=''
SED='/bin/sed'
SET_MAKE=''
SHELL='/bin/sh'
STRIP='strip'
VERSION='1.0'
XCFLAGS=' -mrtm -Wall -Werror  -Wc,-pthread'
XLDFLAGS=''
ac_ct_CC='gcc'
ac_ct_CXX='g++'
ac_ct_DUMPBIN=''
am__EXEEXT_FALSE=''
am__EXEEXT_TRUE='#'
am__fastdepCCAS_FALSE='#'
am__fastdepCCAS_TRUE=''
am__fastdepCC_FALSE='#'
am__fastdepCC_TRUE=''
am__fastdepCXX_FALSE='#'
am__fastdepCXX_TRUE=''
am__include='include'
am__isrc=''
am__leading_dot='.'
am__quote=''
am__tar='${AMTAR} chof - "$$tardir"'
am__untar='${AMTAR} xf -'
bindir='${exec_prefix}/bin'
build='x86_64-unknown-linux-gnu'
build_alias=''
build_cpu='x86_64'
build_os='linux-gnu'
build_vendor='unknown'
config_path='linux/x86 linux x86 posix generic'
datadir='${datarootdir}'
datarootdir='${prefix}/share'
docdir='${datarootdir}/doc/${PACKAGE_TARNAME}'
dvidir='${docdir}'
enable_shared='yes'
enable_static='yes'
exec_prefix='${prefix}'
host='x86_64-unknown-linux-gnu'
host_alias=''
host_cpu='x86_64'
host_os='linux-gnu'
host_vendor='unknown'
htmldir='${docdir}'
includedir='${prefix}/include'
infodir='${datarootdir}/info'
install_sh='${SHELL} /home/nmld/workspace-c/gcc-4.8.2/install-sh'
libdir='${exec_prefix}/lib'
libexecdir='${exec_prefix}/libexec'
libtool_VERSION='1:0:0'
link_itm='-litm %{static: }'
localedir='${datarootdir}/locale'
localstatedir='${prefix}/var'
mandir='${datarootdir}/man'
mkdir_p='/bin/mkdir -p'
multi_basedir='./../..'
oldincludedir='/usr/include'
pdfdir='${docdir}'
prefix='/usr/local'
program_transform_name='s,x,x,'
psdir='${docdir}'
sbindir='${exec_prefix}/sbin'
sharedstatedir='${prefix}/com'
sysconfdir='${prefix}/etc'
target='x86_64-unknown-linux-gnu'
target_alias=''
target_cpu='x86_64'
target_os='linux-gnu'
target_vendor='unknown'
toolexecdir='$(libdir)/gcc-lib/$(target_alias)'
toolexeclibdir='$(libdir)/'

## ----------- ##
## confdefs.h. ##
## ----------- ##

/* confdefs.h */
#define PACKAGE_NAME "GNU TM Runtime Library"
#define PACKAGE_TARNAME "libitm"
#define PACKAGE_VERSION "1.0"
#define PACKAGE_STRING "GNU TM Runtime Library 1.0"
#define PACKAGE_BUGREPORT ""
#define PACKAGE_URL "http://www.gnu.org/software/libitm/"
#define PACKAGE "libitm"
#define VERSION "1.0"
#define STDC_HEADERS 1
#define HAVE_SYS_TYPES_H 1
#define HAVE_SYS_STAT_H 1
#define HAVE_STDLIB_H 1
#define HAVE_STRING_H 1
#define HAVE_MEMORY_H 1
#define HAVE_STRINGS_H 1
#define HAVE_INTTYPES_H 1
#define HAVE_STDINT_H 1
#define HAVE_UNISTD_H 1
#define HAVE_DLFCN_H 1
#define LT_OBJDIR ".libs/"
#define STDC_HEADERS 1
#define TIME_WITH_SYS_TIME 1
#define STRING_WITH_STRINGS 1
#define HAVE_UNISTD_H 1
#define HAVE_SEMAPHORE_H 1
#define HAVE_SYS_TIME_H 1
#define HAVE_SYS_AUXV_H 1
#define HAVE_MALLOC_H 1
#define HAVE_MMAP_FILE 1
#define HAVE_MMAP_DEV_ZERO 1
#define HAVE_MMAP_ANON 1
#define HAVE_STRTOULL 1
#define HAVE_MEMALIGN 1
#define HAVE_POSIX_MEMALIGN 1
#define HAVE_GETAUXVAL 1
#define HAVE_TLS 1
#define HAVE_ATTRIBUTE_VISIBILITY 1
#define HAVE_ATTRIBUTE_ALIAS 1
#define LIBITM_GNU_SYMBOL_VERSIONING 1
#define HAVE_AS_CFI_PSEUDO_OP 1
#define MANGLE_SIZE_T m
#define HAVE_SYNC_BUILTINS 1
#define HAVE_64BIT_SYNC_BUILTINS 1
#define HAVE_AS_AVX 1
#define HAVE_AS_RTM 1
#define HAVE_ELF_STYLE_WEAKREF 1

configure: exit 1
